2026-04-15 19:39:23,259 - Inventaire-Robot - WARNING - \u26a0\ufe0f Dossier 'build' introuvable. Lancez 'yarn build' d'abord.
2026-04-15 19:39:23,259 - Inventaire-Robot - INFO - \U0001f680 Mode production
2026-04-15 19:39:23,263 - asyncio - DEBUG - Using proactor: IocpProactor
2026-04-15 19:39:23,279 - uvicorn.error - INFO - Started server process [10640]
2026-04-15 19:39:23,279 - uvicorn.error - INFO - Waiting for application startup.
2026-04-15 19:39:23,313 - Inventaire-Robot - ERROR - \u274c Erreur connexion PostgreSQL: password authentication failed for user "InvRobot"
Traceback (most recent call last):
  File "C:\Users\ScreeM\Documents\GitHub\Inv-Rob-Emer\backend\database.py", line 17, in lifespan
    app.state.pool = await asyncpg.create_pool(
                     ^^^^^^^^^^^^^^^^^^^^^^^^^^
  File "C:\Users\ScreeM\Document\GitHub\Inv-Rob-Emer\.venv\Lib\site-packages\asyncpg\pool.py", line 439, in _async__init__
    await self._initialize()
  File "C:\Users\ScreeM\Document\GitHub\Inv-Rob-Emer\.venv\Lib\site-packages\asyncpg\pool.py", line 466, in _initialize
    await first_ch.connect()
  File "C:\Users\ScreeM\Document\GitHub\Inv-Rob-Emer\.venv\Lib\site-packages\asyncpg\pool.py", line 153, in connect
    self._con = await self._pool._get_new_connection()
                ^^^^^^^^^^^^^^^^^^^^^^^^^^^^^^^^^^^^^^
  File "C:\Users\ScreeM\Document\GitHub\Inv-Rob-Emer\.venv\Lib\site-packages\asyncpg\pool.py", line 538, in _get_new_connection
    con = await self._connect(
          ^^^^^^^^^^^^^^^^^^^^
  File "C:\Users\ScreeM\Document\GitHub\Inv-Rob-Emer\.venv\Lib\site-packages\asyncpg\connection.py", line 2443, in connect
    return await connect_utils._connect(
           ^^^^^^^^^^^^^^^^^^^^^^^^^^^^^
  File "C:\Users\ScreeM\Document\GitHub\Inv-Rob-Emer\.venv\Lib\site-packages\asyncpg\connect_utils.py", line 1218, in _connect
    conn = await _connect_addr(
           ^^^^^^^^^^^^^^^^^^^^
  File "C:\Users\ScreeM\Document\GitHub\Inv-Rob-Emer\.venv\Lib\site-packages\asyncpg\connect_utils.py", line 1054, in _connect_addr
    return await __connect_addr(params, True, *args)
           ^^^^^^^^^^^^^^^^^^^^^^^^^^^^^^^^^^^^^^^^^
  File "C:\Users\ScreeM\Document\GitHub\Inv-Rob-Emer\.venv\Lib\site-packages\asyncpg\connect_utils.py", line 1102, in __connect_addr
    await connected
asyncpg.exceptions.InvalidPasswordError: password authentication failed for user "InvRobot"
2026-04-15 19:39:23,315 - uvicorn.error - INFO - Application startup complete.
2026-04-15 19:39:23,316 - uvicorn.error - INFO - Uvicorn running on http://0.0.0.0:2549 (Press CTRL+C to quit)
2026-04-15 19:40:30,246 - uvicorn.error - ERROR - Exception in ASGI application
Traceback (most recent call last):
  File "C:\Users\ScreeM\Document\GitHub\Inv-Rob-Emer\.venv\Lib\site-packages\uvicorn\protocols\http\h11_impl.py", line 406, in run_asgi
    result = await app(  # type: ignore[func-returns-value]
             ^^^^^^^^^^^^^^^^^^^^^^^^^^^^^^^^^^^^^^^^^^^^^^
  File "C:\Users\ScreeM\Document\GitHub\Inv-Rob-Emer\.venv\Lib\site-packages\uvicorn\middleware\proxy_headers.py", line 60, in __call__
    return await self.app(scope, receive, send)
           ^^^^^^^^^^^^^^^^^^^^^^^^^^^^^^^^^^^^
  File "C:\Users\ScreeM\Document\GitHub\Inv-Rob-Emer\.venv\Lib\site-packages\fastapi\applications.py", line 1106, in __call__
    await super().__call__(scope, receive, send)
  File "C:\Users\ScreeM\Document\GitHub\Inv-Rob-Emer\.venv\Lib\site-packages\starlette\applications.py", line 122, in __call__
    await self.middleware_stack(scope, receive, send)
  File "C:\Users\ScreeM\Document\GitHub\Inv-Rob-Emer\.venv\Lib\site-packages\starlette\middleware\errors.py", line 184, in __call__
    raise exc
  File "C:\Users\ScreeM\Document\GitHub\Inv-Rob-Emer\.venv\Lib\site-packages\starlette\middleware\errors.py", line 162, in __call__
    await self.app(scope, receive, _send)
  File "C:\Users\ScreeM\Document\GitHub\Inv-Rob-Emer\.venv\Lib\site-packages\starlette\middleware\cors.py", line 83, in __call__
    await self.app(scope, receive, send)
  File "C:\Users\ScreeM\Document\GitHub\Inv-Rob-Emer\.venv\Lib\site-packages\starlette\middleware\exceptions.py", line 79, in __call__
    raise exc
  File "C:\Users\ScreeM\Document\GitHub\Inv-Rob-Emer\.venv\Lib\site-packages\starlette\middleware\exceptions.py", line 68, in __call__
    await self.app(scope, receive, sender)
  File "C:\Users\ScreeM\Document\GitHub\Inv-Rob-Emer\.venv\Lib\site-packages\fastapi\middleware\asyncexitstack.py", line 20, in __call__
    raise e
  File "C:\Users\ScreeM\Document\GitHub\Inv-Rob-Emer\.venv\Lib\site-packages\fastapi\middleware\asyncexitstack.py", line 17, in __call__
    await self.app(scope, receive, send)
  File "C:\Users\ScreeM\Document\GitHub\Inv-Rob-Emer\.venv\Lib\site-packages\starlette\routing.py", line 718, in __call__
    await route.handle(scope, receive, send)
  File "C:\Users\ScreeM\Document\GitHub\Inv-Rob-Emer\.venv\Lib\site-packages\starlette\routing.py", line 276, in handle
    await self.app(scope, receive, send)
  File "C:\Users\ScreeM\Document\GitHub\Inv-Rob-Emer\.venv\Lib\site-packages\starlette\routing.py", line 66, in app
    response = await func(request)
               ^^^^^^^^^^^^^^^^^^^
  File "C:\Users\ScreeM\Document\GitHub\Inv-Rob-Emer\.venv\Lib\site-packages\fastapi\routing.py", line 264, in app
    solved_result = await solve_dependencies(
                    ^^^^^^^^^^^^^^^^^^^^^^^^^
  File "C:\Users\ScreeM\Document\GitHub\Inv-Rob-Emer\.venv\Lib\site-packages\fastapi\dependencies\utils.py", line 563, in solve_dependencies
    solved_result = await solve_dependencies(
                    ^^^^^^^^^^^^^^^^^^^^^^^^^
  File "C:\Users\ScreeM\Document\GitHub\Inv-Rob-Emer\.venv\Lib\site-packages\fastapi\dependencies\utils.py", line 588, in solve_dependencies
    solved = await solve_generator(
             ^^^^^^^^^^^^^^^^^^^^^^
  File "C:\Users\ScreeM\Document\GitHub\Inv-Rob-Emer\.venv\Lib\site-packages\fastapi\dependencies\utils.py", line 513, in solve_generator
    return await stack.enter_async_context(cm)
           ^^^^^^^^^^^^^^^^^^^^^^^^^^^^^^^^^^^
  File "C:\Users\ScreeM\AppData\Local\Programs\Python\Python312\Lib\contextlib.py", line 659, in enter_async_context
    result = await _enter(cm)
             ^^^^^^^^^^^^^^^^
  File "C:\Users\ScreeM\AppData\Local\Programs\Python\Python312\Lib\contextlib.py", line 210, in __aenter__
    return await anext(self.gen)
           ^^^^^^^^^^^^^^^^^^^^^
  File "C:\Users\ScreeM\Documents\GitHub\Inv-Rob-Emer\backend\database.py", line 45, in get_db_connection
    conn = await pool.acquire()
                 ^^^^^^^^^^^^
AttributeError: 'NoneType' object has no attribute 'acquire'
2026-04-15 19:40:30,254 - uvicorn.error - ERROR - Exception in ASGI application
Traceback (most recent call last):
  File "C:\Users\ScreeM\Document\GitHub\Inv-Rob-Emer\.venv\Lib\site-packages\uvicorn\protocols\http\h11_impl.py", line 406, in run_asgi
    result = await app(  # type: ignore[func-returns-value]
             ^^^^^^^^^^^^^^^^^^^^^^^^^^^^^^^^^^^^^^^^^^^^^^
  File "C:\Users\ScreeM\Document\GitHub\Inv-Rob-Emer\.venv\Lib\site-packages\uvicorn\middleware\proxy_headers.py", line 60, in __call__
    return await self.app(scope, receive, send)
           ^^^^^^^^^^^^^^^^^^^^^^^^^^^^^^^^^^^^
  File "C:\Users\ScreeM\Document\GitHub\Inv-Rob-Emer\.venv\Lib\site-packages\fastapi\applications.py", line 1106, in __call__
    await super().__call__(scope, receive, send)
  File "C:\Users\ScreeM\Document\GitHub\Inv-Rob-Emer\.venv\Lib\site-packages\starlette\applications.py", line 122, in __call__
    await self.middleware_stack(scope, receive, send)
  File "C:\Users\ScreeM\Document\GitHub\Inv-Rob-Emer\.venv\Lib\site-packages\starlette\middleware\errors.py", line 184, in __call__
    raise exc
  File "C:\Users\ScreeM\Document\GitHub\Inv-Rob-Emer\.venv\Lib\site-packages\starlette\middleware\errors.py", line 162, in __call__
    await self.app(scope, receive, _send)
  File "C:\Users\ScreeM\Document\GitHub\Inv-Rob-Emer\.venv\Lib\site-packages\starlette\middleware\cors.py", line 83, in __call__
    await self.app(scope, receive, send)
  File "C:\Users\ScreeM\Document\GitHub\Inv-Rob-Emer\.venv\Lib\site-packages\starlette\middleware\exceptions.py", line 79, in __call__
    raise exc
  File "C:\Users\ScreeM\Document\GitHub\Inv-Rob-Emer\.venv\Lib\site-packages\starlette\middleware\exceptions.py", line 68, in __call__
    await self.app(scope, receive, sender)
  File "C:\Users\ScreeM\Document\GitHub\Inv-Rob-Emer\.venv\Lib\site-packages\fastapi\middleware\asyncexitstack.py", line 20, in __call__
    raise e
  File "C:\Users\ScreeM\Document\GitHub\Inv-Rob-Emer\.venv\Lib\site-packages\fastapi\middleware\asyncexitstack.py", line 17, in __call__
    await self.app(scope, receive, send)
  File "C:\Users\ScreeM\Document\GitHub\Inv-Rob-Emer\.venv\Lib\site-packages\starlette\routing.py", line 718, in __call__
    await route.handle(scope, receive, send)
  File "C:\Users\ScreeM\Document\GitHub\Inv-Rob-Emer\.venv\Lib\site-packages\starlette\routing.py", line 276, in handle
    await self.app(scope, receive, send)
  File "C:\Users\ScreeM\Document\GitHub\Inv-Rob-Emer\.venv\Lib\site-packages\starlette\routing.py", line 66, in app
    response = await func(request)
               ^^^^^^^^^^^^^^^^^^^
  File "C:\Users\ScreeM\Document\GitHub\Inv-Rob-Emer\.venv\Lib\site-packages\fastapi\routing.py", line 264, in app
    solved_result = await solve_dependencies(
                    ^^^^^^^^^^^^^^^^^^^^^^^^^
  File "C:\Users\ScreeM\Document\GitHub\Inv-Rob-Emer\.venv\Lib\site-packages\fastapi\dependencies\utils.py", line 563, in solve_dependencies
    solved_result = await solve_dependencies(
                    ^^^^^^^^^^^^^^^^^^^^^^^^^
  File "C:\Users\ScreeM\Document\GitHub\Inv-Rob-Emer\.venv\Lib\site-packages\fastapi\dependencies\utils.py", line 588, in solve_dependencies
    solved = await solve_generator(
             ^^^^^^^^^^^^^^^^^^^^^^
  File "C:\Users\ScreeM\Document\GitHub\Inv-Rob-Emer\.venv\Lib\site-packages\fastapi\dependencies\utils.py", line 513, in solve_generator
    return await stack.enter_async_context(cm)
           ^^^^^^^^^^^^^^^^^^^^^^^^^^^^^^^^^^^
  File "C:\Users\ScreeM\AppData\Local\Programs\Python\Python312\Lib\contextlib.py", line 659, in enter_async_context
    result = await _enter(cm)
             ^^^^^^^^^^^^^^^^
  File "C:\Users\ScreeM\AppData\Local\Programs\Python\Python312\Lib\contextlib.py", line 210, in __aenter__
    return await anext(self.gen)
           ^^^^^^^^^^^^^^^^^^^^^
  File "C:\Users\ScreeM\Documents\GitHub\Inv-Rob-Emer\backend\database.py", line 45, in get_db_connection
    conn = await pool.acquire()
                 ^^^^^^^^^^^^
AttributeError: 'NoneType' object has no attribute 'acquire'
2026-04-15 19:40:33,228 - uvicorn.error - ERROR - Exception in ASGI application
Traceback (most recent call last):
  File "C:\Users\ScreeM\Document\GitHub\Inv-Rob-Emer\.venv\Lib\site-packages\uvicorn\protocols\http\h11_impl.py", line 406, in run_asgi
    result = await app(  # type: ignore[func-returns-value]
             ^^^^^^^^^^^^^^^^^^^^^^^^^^^^^^^^^^^^^^^^^^^^^^
  File "C:\Users\ScreeM\Document\GitHub\Inv-Rob-Emer\.venv\Lib\site-packages\uvicorn\middleware\proxy_headers.py", line 60, in __call__
    return await self.app(scope, receive, send)
           ^^^^^^^^^^^^^^^^^^^^^^^^^^^^^^^^^^^^
  File "C:\Users\ScreeM\Document\GitHub\Inv-Rob-Emer\.venv\Lib\site-packages\fastapi\applications.py", line 1106, in __call__
    await super().__call__(scope, receive, send)
  File "C:\Users\ScreeM\Document\GitHub\Inv-Rob-Emer\.venv\Lib\site-packages\starlette\applications.py", line 122, in __call__
    await self.middleware_stack(scope, receive, send)
  File "C:\Users\ScreeM\Document\GitHub\Inv-Rob-Emer\.venv\Lib\site-packages\starlette\middleware\errors.py", line 184, in __call__
    raise exc
  File "C:\Users\ScreeM\Document\GitHub\Inv-Rob-Emer\.venv\Lib\site-packages\starlette\middleware\errors.py", line 162, in __call__
    await self.app(scope, receive, _send)
  File "C:\Users\ScreeM\Document\GitHub\Inv-Rob-Emer\.venv\Lib\site-packages\starlette\middleware\cors.py", line 83, in __call__
    await self.app(scope, receive, send)
  File "C:\Users\ScreeM\Document\GitHub\Inv-Rob-Emer\.venv\Lib\site-packages\starlette\middleware\exceptions.py", line 79, in __call__
    raise exc
  File "C:\Users\ScreeM\Document\GitHub\Inv-Rob-Emer\.venv\Lib\site-packages\starlette\middleware\exceptions.py", line 68, in __call__
    await self.app(scope, receive, sender)
  File "C:\Users\ScreeM\Document\GitHub\Inv-Rob-Emer\.venv\Lib\site-packages\fastapi\middleware\asyncexitstack.py", line 20, in __call__
    raise e
  File "C:\Users\ScreeM\Document\GitHub\Inv-Rob-Emer\.venv\Lib\site-packages\fastapi\middleware\asyncexitstack.py", line 17, in __call__
    await self.app(scope, receive, send)
  File "C:\Users\ScreeM\Document\GitHub\Inv-Rob-Emer\.venv\Lib\site-packages\starlette\routing.py", line 718, in __call__
    await route.handle(scope, receive, send)
  File "C:\Users\ScreeM\Document\GitHub\Inv-Rob-Emer\.venv\Lib\site-packages\starlette\routing.py", line 276, in handle
    await self.app(scope, receive, send)
  File "C:\Users\ScreeM\Document\GitHub\Inv-Rob-Emer\.venv\Lib\site-packages\starlette\routing.py", line 66, in app
    response = await func(request)
               ^^^^^^^^^^^^^^^^^^^
  File "C:\Users\ScreeM\Document\GitHub\Inv-Rob-Emer\.venv\Lib\site-packages\fastapi\routing.py", line 264, in app
    solved_result = await solve_dependencies(
                    ^^^^^^^^^^^^^^^^^^^^^^^^^
  File "C:\Users\ScreeM\Document\GitHub\Inv-Rob-Emer\.venv\Lib\site-packages\fastapi\dependencies\utils.py", line 563, in solve_dependencies
    solved_result = await solve_dependencies(
                    ^^^^^^^^^^^^^^^^^^^^^^^^^
  File "C:\Users\ScreeM\Document\GitHub\Inv-Rob-Emer\.venv\Lib\site-packages\fastapi\dependencies\utils.py", line 588, in solve_dependencies
    solved = await solve_generator(
             ^^^^^^^^^^^^^^^^^^^^^^
  File "C:\Users\ScreeM\Document\GitHub\Inv-Rob-Emer\.venv\Lib\site-packages\fastapi\dependencies\utils.py", line 513, in solve_generator
    return await stack.enter_async_context(cm)
           ^^^^^^^^^^^^^^^^^^^^^^^^^^^^^^^^^^^
  File "C:\Users\ScreeM\AppData\Local\Programs\Python\Python312\Lib\contextlib.py", line 659, in enter_async_context
    result = await _enter(cm)
             ^^^^^^^^^^^^^^^^
  File "C:\Users\ScreeM\AppData\Local\Programs\Python\Python312\Lib\contextlib.py", line 210, in __aenter__
    return await anext(self.gen)
           ^^^^^^^^^^^^^^^^^^^^^
  File "C:\Users\ScreeM\Documents\GitHub\Inv-Rob-Emer\backend\database.py", line 45, in get_db_connection
    conn = await pool.acquire()
                 ^^^^^^^^^^^^
AttributeError: 'NoneType' object has no attribute 'acquire'
2026-04-15 19:40:33,232 - uvicorn.error - ERROR - Exception in ASGI application
Traceback (most recent call last):
  File "C:\Users\ScreeM\Document\GitHub\Inv-Rob-Emer\.venv\Lib\site-packages\uvicorn\protocols\http\h11_impl.py", line 406, in run_asgi
    result = await app(  # type: ignore[func-returns-value]
             ^^^^^^^^^^^^^^^^^^^^^^^^^^^^^^^^^^^^^^^^^^^^^^
  File "C:\Users\ScreeM\Document\GitHub\Inv-Rob-Emer\.venv\Lib\site-packages\uvicorn\middleware\proxy_headers.py", line 60, in __call__
    return await self.app(scope, receive, send)
           ^^^^^^^^^^^^^^^^^^^^^^^^^^^^^^^^^^^^
  File "C:\Users\ScreeM\Document\GitHub\Inv-Rob-Emer\.venv\Lib\site-packages\fastapi\applications.py", line 1106, in __call__
    await super().__call__(scope, receive, send)
  File "C:\Users\ScreeM\Document\GitHub\Inv-Rob-Emer\.venv\Lib\site-packages\starlette\applications.py", line 122, in __call__
    await self.middleware_stack(scope, receive, send)
  File "C:\Users\ScreeM\Document\GitHub\Inv-Rob-Emer\.venv\Lib\site-packages\starlette\middleware\errors.py", line 184, in __call__
    raise exc
  File "C:\Users\ScreeM\Document\GitHub\Inv-Rob-Emer\.venv\Lib\site-packages\starlette\middleware\errors.py", line 162, in __call__
    await self.app(scope, receive, _send)
  File "C:\Users\ScreeM\Document\GitHub\Inv-Rob-Emer\.venv\Lib\site-packages\starlette\middleware\cors.py", line 83, in __call__
    await self.app(scope, receive, send)
  File "C:\Users\ScreeM\Document\GitHub\Inv-Rob-Emer\.venv\Lib\site-packages\starlette\middleware\exceptions.py", line 79, in __call__
    raise exc
  File "C:\Users\ScreeM\Document\GitHub\Inv-Rob-Emer\.venv\Lib\site-packages\starlette\middleware\exceptions.py", line 68, in __call__
    await self.app(scope, receive, sender)
  File "C:\Users\ScreeM\Document\GitHub\Inv-Rob-Emer\.venv\Lib\site-packages\fastapi\middleware\asyncexitstack.py", line 20, in __call__
    raise e
  File "C:\Users\ScreeM\Document\GitHub\Inv-Rob-Emer\.venv\Lib\site-packages\fastapi\middleware\asyncexitstack.py", line 17, in __call__
    await self.app(scope, receive, send)
  File "C:\Users\ScreeM\Document\GitHub\Inv-Rob-Emer\.venv\Lib\site-packages\starlette\routing.py", line 718, in __call__
    await route.handle(scope, receive, send)
  File "C:\Users\ScreeM\Document\GitHub\Inv-Rob-Emer\.venv\Lib\site-packages\starlette\routing.py", line 276, in handle
    await self.app(scope, receive, send)
  File "C:\Users\ScreeM\Document\GitHub\Inv-Rob-Emer\.venv\Lib\site-packages\starlette\routing.py", line 66, in app
    response = await func(request)
               ^^^^^^^^^^^^^^^^^^^
  File "C:\Users\ScreeM\Document\GitHub\Inv-Rob-Emer\.venv\Lib\site-packages\fastapi\routing.py", line 264, in app
    solved_result = await solve_dependencies(
                    ^^^^^^^^^^^^^^^^^^^^^^^^^
  File "C:\Users\ScreeM\Document\GitHub\Inv-Rob-Emer\.venv\Lib\site-packages\fastapi\dependencies\utils.py", line 563, in solve_dependencies
    solved_result = await solve_dependencies(
                    ^^^^^^^^^^^^^^^^^^^^^^^^^
  File "C:\Users\ScreeM\Document\GitHub\Inv-Rob-Emer\.venv\Lib\site-packages\fastapi\dependencies\utils.py", line 588, in solve_dependencies
    solved = await solve_generator(
             ^^^^^^^^^^^^^^^^^^^^^^
  File "C:\Users\ScreeM\Document\GitHub\Inv-Rob-Emer\.venv\Lib\site-packages\fastapi\dependencies\utils.py", line 513, in solve_generator
    return await stack.enter_async_context(cm)
           ^^^^^^^^^^^^^^^^^^^^^^^^^^^^^^^^^^^
  File "C:\Users\ScreeM\AppData\Local\Programs\Python\Python312\Lib\contextlib.py", line 659, in enter_async_context
    result = await _enter(cm)
             ^^^^^^^^^^^^^^^^
  File "C:\Users\ScreeM\AppData\Local\Programs\Python\Python312\Lib\contextlib.py", line 210, in __aenter__
    return await anext(self.gen)
           ^^^^^^^^^^^^^^^^^^^^^
  File "C:\Users\ScreeM\Documents\GitHub\Inv-Rob-Emer\backend\database.py", line 45, in get_db_connection
    conn = await pool.acquire()
                 ^^^^^^^^^^^^
AttributeError: 'NoneType' object has no attribute 'acquire'
2026-04-15 19:40:42,665 - uvicorn.error - ERROR - Exception in ASGI application
Traceback (most recent call last):
  File "C:\Users\ScreeM\Document\GitHub\Inv-Rob-Emer\.venv\Lib\site-packages\uvicorn\protocols\http\h11_impl.py", line 406, in run_asgi
    result = await app(  # type: ignore[func-returns-value]
             ^^^^^^^^^^^^^^^^^^^^^^^^^^^^^^^^^^^^^^^^^^^^^^
  File "C:\Users\ScreeM\Document\GitHub\Inv-Rob-Emer\.venv\Lib\site-packages\uvicorn\middleware\proxy_headers.py", line 60, in __call__
    return await self.app(scope, receive, send)
           ^^^^^^^^^^^^^^^^^^^^^^^^^^^^^^^^^^^^
  File "C:\Users\ScreeM\Document\GitHub\Inv-Rob-Emer\.venv\Lib\site-packages\fastapi\applications.py", line 1106, in __call__
    await super().__call__(scope, receive, send)
  File "C:\Users\ScreeM\Document\GitHub\Inv-Rob-Emer\.venv\Lib\site-packages\starlette\applications.py", line 122, in __call__
    await self.middleware_stack(scope, receive, send)
  File "C:\Users\ScreeM\Document\GitHub\Inv-Rob-Emer\.venv\Lib\site-packages\starlette\middleware\errors.py", line 184, in __call__
    raise exc
  File "C:\Users\ScreeM\Document\GitHub\Inv-Rob-Emer\.venv\Lib\site-packages\starlette\middleware\errors.py", line 162, in __call__
    await self.app(scope, receive, _send)
  File "C:\Users\ScreeM\Document\GitHub\Inv-Rob-Emer\.venv\Lib\site-packages\starlette\middleware\cors.py", line 91, in __call__
    await self.simple_response(scope, receive, send, request_headers=headers)
  File "C:\Users\ScreeM\Document\GitHub\Inv-Rob-Emer\.venv\Lib\site-packages\starlette\middleware\cors.py", line 146, in simple_response
    await self.app(scope, receive, send)
  File "C:\Users\ScreeM\Document\GitHub\Inv-Rob-Emer\.venv\Lib\site-packages\starlette\middleware\exceptions.py", line 79, in __call__
    raise exc
  File "C:\Users\ScreeM\Document\GitHub\Inv-Rob-Emer\.venv\Lib\site-packages\starlette\middleware\exceptions.py", line 68, in __call__
    await self.app(scope, receive, sender)
  File "C:\Users\ScreeM\Document\GitHub\Inv-Rob-Emer\.venv\Lib\site-packages\fastapi\middleware\asyncexitstack.py", line 20, in __call__
    raise e
  File "C:\Users\ScreeM\Document\GitHub\Inv-Rob-Emer\.venv\Lib\site-packages\fastapi\middleware\asyncexitstack.py", line 17, in __call__
    await self.app(scope, receive, send)
  File "C:\Users\ScreeM\Document\GitHub\Inv-Rob-Emer\.venv\Lib\site-packages\starlette\routing.py", line 718, in __call__
    await route.handle(scope, receive, send)
  File "C:\Users\ScreeM\Document\GitHub\Inv-Rob-Emer\.venv\Lib\site-packages\starlette\routing.py", line 276, in handle
    await self.app(scope, receive, send)
  File "C:\Users\ScreeM\Document\GitHub\Inv-Rob-Emer\.venv\Lib\site-packages\starlette\routing.py", line 66, in app
    response = await func(request)
               ^^^^^^^^^^^^^^^^^^^
  File "C:\Users\ScreeM\Document\GitHub\Inv-Rob-Emer\.venv\Lib\site-packages\fastapi\routing.py", line 264, in app
    solved_result = await solve_dependencies(
                    ^^^^^^^^^^^^^^^^^^^^^^^^^
  File "C:\Users\ScreeM\Document\GitHub\Inv-Rob-Emer\.venv\Lib\site-packages\fastapi\dependencies\utils.py", line 588, in solve_dependencies
    solved = await solve_generator(
             ^^^^^^^^^^^^^^^^^^^^^^
  File "C:\Users\ScreeM\Document\GitHub\Inv-Rob-Emer\.venv\Lib\site-packages\fastapi\dependencies\utils.py", line 513, in solve_generator
    return await stack.enter_async_context(cm)
           ^^^^^^^^^^^^^^^^^^^^^^^^^^^^^^^^^^^
  File "C:\Users\ScreeM\AppData\Local\Programs\Python\Python312\Lib\contextlib.py", line 659, in enter_async_context
    result = await _enter(cm)
             ^^^^^^^^^^^^^^^^
  File "C:\Users\ScreeM\AppData\Local\Programs\Python\Python312\Lib\contextlib.py", line 210, in __aenter__
    return await anext(self.gen)
           ^^^^^^^^^^^^^^^^^^^^^
  File "C:\Users\ScreeM\Documents\GitHub\Inv-Rob-Emer\backend\database.py", line 45, in get_db_connection
    conn = await pool.acquire()
                 ^^^^^^^^^^^^
AttributeError: 'NoneType' object has no attribute 'acquire'
2026-04-15 20:01:40,232 - uvicorn.error - INFO - Shutting down
2026-04-15 20:01:40,332 - uvicorn.error - INFO - Waiting for application shutdown.
2026-04-15 20:01:40,332 - uvicorn.error - INFO - Application shutdown complete.
2026-04-15 20:01:40,332 - uvicorn.error - INFO - Finished server process [10640]
